<?xml version="1.0" encoding="UTF-8"?>
<testsuite xmlns:xsi="http://www.w3.org/2001/XMLSchema-instance" xsi:noNamespaceSchemaLocation="https://maven.apache.org/surefire/maven-surefire-plugin/xsd/surefire-test-report.xsd" name="com.yl.demo.DemoApplicationTests" time="11.573" tests="1" errors="0" skipped="0" failures="0">
  <properties>
    <property name="sun.desktop" value="windows"/>
    <property name="awt.toolkit" value="sun.awt.windows.WToolkit"/>
    <property name="file.encoding.pkg" value="sun.io"/>
    <property name="java.specification.version" value="1.8"/>
    <property name="sun.cpu.isalist" value="amd64"/>
    <property name="sun.jnu.encoding" value="GBK"/>
    <property name="java.class.path" value="E:\work_money\26_idea\jwt_test\target\test-classes;E:\work_money\26_idea\jwt_test\target\classes;E:\work_money\11_springBoot\maven_repo\org\springframework\boot\spring-boot-starter-data-jpa\2.3.2.RELEASE\spring-boot-starter-data-jpa-2.3.2.RELEASE.jar;E:\work_money\11_springBoot\maven_repo\org\springframework\boot\spring-boot-starter-aop\2.3.2.RELEASE\spring-boot-starter-aop-2.3.2.RELEASE.jar;E:\work_money\11_springBoot\maven_repo\org\aspectj\aspectjweaver\1.9.6\aspectjweaver-1.9.6.jar;E:\work_money\11_springBoot\maven_repo\org\springframework\boot\spring-boot-starter-jdbc\2.3.2.RELEASE\spring-boot-starter-jdbc-2.3.2.RELEASE.jar;E:\work_money\11_springBoot\maven_repo\com\zaxxer\HikariCP\3.4.5\HikariCP-3.4.5.jar;E:\work_money\11_springBoot\maven_repo\org\springframework\spring-jdbc\5.2.8.RELEASE\spring-jdbc-5.2.8.RELEASE.jar;E:\work_money\11_springBoot\maven_repo\jakarta\transaction\jakarta.transaction-api\1.3.3\jakarta.transaction-api-1.3.3.jar;E:\work_money\11_springBoot\maven_repo\jakarta\persistence\jakarta.persistence-api\2.2.3\jakarta.persistence-api-2.2.3.jar;E:\work_money\11_springBoot\maven_repo\org\hibernate\hibernate-core\5.4.18.Final\hibernate-core-5.4.18.Final.jar;E:\work_money\11_springBoot\maven_repo\org\jboss\logging\jboss-logging\3.4.1.Final\jboss-logging-3.4.1.Final.jar;E:\work_money\11_springBoot\maven_repo\org\javassist\javassist\3.24.0-GA\javassist-3.24.0-GA.jar;E:\work_money\11_springBoot\maven_repo\net\bytebuddy\byte-buddy\1.10.13\byte-buddy-1.10.13.jar;E:\work_money\11_springBoot\maven_repo\antlr\antlr\2.7.7\antlr-2.7.7.jar;E:\work_money\11_springBoot\maven_repo\org\jboss\jandex\2.1.3.Final\jandex-2.1.3.Final.jar;E:\work_money\11_springBoot\maven_repo\org\dom4j\dom4j\2.1.3\dom4j-2.1.3.jar;E:\work_money\11_springBoot\maven_repo\org\hibernate\common\hibernate-commons-annotations\5.1.0.Final\hibernate-commons-annotations-5.1.0.Final.jar;E:\work_money\11_springBoot\maven_repo\org\glassfish\jaxb\jaxb-runtime\2.3.3\jaxb-runtime-2.3.3.jar;E:\work_money\11_springBoot\maven_repo\org\glassfish\jaxb\txw2\2.3.3\txw2-2.3.3.jar;E:\work_money\11_springBoot\maven_repo\com\sun\istack\istack-commons-runtime\3.0.11\istack-commons-runtime-3.0.11.jar;E:\work_money\11_springBoot\maven_repo\com\sun\activation\jakarta.activation\1.2.2\jakarta.activation-1.2.2.jar;E:\work_money\11_springBoot\maven_repo\org\springframework\data\spring-data-jpa\2.3.2.RELEASE\spring-data-jpa-2.3.2.RELEASE.jar;E:\work_money\11_springBoot\maven_repo\org\springframework\data\spring-data-commons\2.3.2.RELEASE\spring-data-commons-2.3.2.RELEASE.jar;E:\work_money\11_springBoot\maven_repo\org\springframework\spring-orm\5.2.8.RELEASE\spring-orm-5.2.8.RELEASE.jar;E:\work_money\11_springBoot\maven_repo\org\springframework\spring-context\5.2.8.RELEASE\spring-context-5.2.8.RELEASE.jar;E:\work_money\11_springBoot\maven_repo\org\springframework\spring-tx\5.2.8.RELEASE\spring-tx-5.2.8.RELEASE.jar;E:\work_money\11_springBoot\maven_repo\org\springframework\spring-beans\5.2.8.RELEASE\spring-beans-5.2.8.RELEASE.jar;E:\work_money\11_springBoot\maven_repo\org\springframework\spring-aspects\5.2.8.RELEASE\spring-aspects-5.2.8.RELEASE.jar;E:\work_money\11_springBoot\maven_repo\org\springframework\boot\spring-boot-starter-freemarker\2.3.2.RELEASE\spring-boot-starter-freemarker-2.3.2.RELEASE.jar;E:\work_money\11_springBoot\maven_repo\org\springframework\boot\spring-boot-starter\2.3.2.RELEASE\spring-boot-starter-2.3.2.RELEASE.jar;E:\work_money\11_springBoot\maven_repo\org\springframework\boot\spring-boot-starter-logging\2.3.2.RELEASE\spring-boot-starter-logging-2.3.2.RELEASE.jar;E:\work_money\11_springBoot\maven_repo\ch\qos\logback\logback-classic\1.2.3\logback-classic-1.2.3.jar;E:\work_money\11_springBoot\maven_repo\ch\qos\logback\logback-core\1.2.3\logback-core-1.2.3.jar;E:\work_money\11_springBoot\maven_repo\org\apache\logging\log4j\log4j-to-slf4j\2.13.3\log4j-to-slf4j-2.13.3.jar;E:\work_money\11_springBoot\maven_repo\org\apache\logging\log4j\log4j-api\2.13.3\log4j-api-2.13.3.jar;E:\work_money\11_springBoot\maven_repo\org\slf4j\jul-to-slf4j\1.7.30\jul-to-slf4j-1.7.30.jar;E:\work_money\11_springBoot\maven_repo\jakarta\annotation\jakarta.annotation-api\1.3.5\jakarta.annotation-api-1.3.5.jar;E:\work_money\11_springBoot\maven_repo\org\yaml\snakeyaml\1.26\snakeyaml-1.26.jar;E:\work_money\11_springBoot\maven_repo\org\freemarker\freemarker\2.3.30\freemarker-2.3.30.jar;E:\work_money\11_springBoot\maven_repo\org\springframework\spring-context-support\5.2.8.RELEASE\spring-context-support-5.2.8.RELEASE.jar;E:\work_money\11_springBoot\maven_repo\org\springframework\boot\spring-boot-starter-security\2.3.2.RELEASE\spring-boot-starter-security-2.3.2.RELEASE.jar;E:\work_money\11_springBoot\maven_repo\org\springframework\spring-aop\5.2.8.RELEASE\spring-aop-5.2.8.RELEASE.jar;E:\work_money\11_springBoot\maven_repo\org\springframework\security\spring-security-config\5.3.3.RELEASE\spring-security-config-5.3.3.RELEASE.jar;E:\work_money\11_springBoot\maven_repo\org\springframework\security\spring-security-web\5.3.3.RELEASE\spring-security-web-5.3.3.RELEASE.jar;E:\work_money\11_springBoot\maven_repo\org\springframework\spring-expression\5.2.8.RELEASE\spring-expression-5.2.8.RELEASE.jar;E:\work_money\11_springBoot\maven_repo\org\springframework\boot\spring-boot-starter-thymeleaf\2.3.2.RELEASE\spring-boot-starter-thymeleaf-2.3.2.RELEASE.jar;E:\work_money\11_springBoot\maven_repo\org\thymeleaf\thymeleaf-spring5\3.0.11.RELEASE\thymeleaf-spring5-3.0.11.RELEASE.jar;E:\work_money\11_springBoot\maven_repo\org\thymeleaf\thymeleaf\3.0.11.RELEASE\thymeleaf-3.0.11.RELEASE.jar;E:\work_money\11_springBoot\maven_repo\org\attoparser\attoparser\2.0.5.RELEASE\attoparser-2.0.5.RELEASE.jar;E:\work_money\11_springBoot\maven_repo\org\unbescape\unbescape\1.1.6.RELEASE\unbescape-1.1.6.RELEASE.jar;E:\work_money\11_springBoot\maven_repo\org\thymeleaf\extras\thymeleaf-extras-java8time\3.0.4.RELEASE\thymeleaf-extras-java8time-3.0.4.RELEASE.jar;E:\work_money\11_springBoot\maven_repo\org\springframework\boot\spring-boot-starter-web\2.3.2.RELEASE\spring-boot-starter-web-2.3.2.RELEASE.jar;E:\work_money\11_springBoot\maven_repo\org\springframework\boot\spring-boot-starter-json\2.3.2.RELEASE\spring-boot-starter-json-2.3.2.RELEASE.jar;E:\work_money\11_springBoot\maven_repo\com\fasterxml\jackson\datatype\jackson-datatype-jdk8\2.11.1\jackson-datatype-jdk8-2.11.1.jar;E:\work_money\11_springBoot\maven_repo\com\fasterxml\jackson\datatype\jackson-datatype-jsr310\2.11.1\jackson-datatype-jsr310-2.11.1.jar;E:\work_money\11_springBoot\maven_repo\com\fasterxml\jackson\module\jackson-module-parameter-names\2.11.1\jackson-module-parameter-names-2.11.1.jar;E:\work_money\11_springBoot\maven_repo\org\springframework\boot\spring-boot-starter-tomcat\2.3.2.RELEASE\spring-boot-starter-tomcat-2.3.2.RELEASE.jar;E:\work_money\11_springBoot\maven_repo\org\apache\tomcat\embed\tomcat-embed-core\9.0.37\tomcat-embed-core-9.0.37.jar;E:\work_money\11_springBoot\maven_repo\org\glassfish\jakarta.el\3.0.3\jakarta.el-3.0.3.jar;E:\work_money\11_springBoot\maven_repo\org\apache\tomcat\embed\tomcat-embed-websocket\9.0.37\tomcat-embed-websocket-9.0.37.jar;E:\work_money\11_springBoot\maven_repo\org\springframework\spring-web\5.2.8.RELEASE\spring-web-5.2.8.RELEASE.jar;E:\work_money\11_springBoot\maven_repo\org\springframework\spring-webmvc\5.2.8.RELEASE\spring-webmvc-5.2.8.RELEASE.jar;E:\work_money\11_springBoot\maven_repo\org\thymeleaf\extras\thymeleaf-extras-springsecurity5\3.0.4.RELEASE\thymeleaf-extras-springsecurity5-3.0.4.RELEASE.jar;E:\work_money\11_springBoot\maven_repo\org\springframework\boot\spring-boot-devtools\2.3.2.RELEASE\spring-boot-devtools-2.3.2.RELEASE.jar;E:\work_money\11_springBoot\maven_repo\org\springframework\boot\spring-boot\2.3.2.RELEASE\spring-boot-2.3.2.RELEASE.jar;E:\work_money\11_springBoot\maven_repo\org\springframework\boot\spring-boot-autoconfigure\2.3.2.RELEASE\spring-boot-autoconfigure-2.3.2.RELEASE.jar;E:\work_money\11_springBoot\maven_repo\mysql\mysql-connector-java\8.0.21\mysql-connector-java-8.0.21.jar;E:\work_money\11_springBoot\maven_repo\org\projectlombok\lombok\1.18.12\lombok-1.18.12.jar;E:\work_money\11_springBoot\maven_repo\org\springframework\boot\spring-boot-starter-test\2.3.2.RELEASE\spring-boot-starter-test-2.3.2.RELEASE.jar;E:\work_money\11_springBoot\maven_repo\org\springframework\boot\spring-boot-test\2.3.2.RELEASE\spring-boot-test-2.3.2.RELEASE.jar;E:\work_money\11_springBoot\maven_repo\org\springframework\boot\spring-boot-test-autoconfigure\2.3.2.RELEASE\spring-boot-test-autoconfigure-2.3.2.RELEASE.jar;E:\work_money\11_springBoot\maven_repo\com\jayway\jsonpath\json-path\2.4.0\json-path-2.4.0.jar;E:\work_money\11_springBoot\maven_repo\net\minidev\json-smart\2.3\json-smart-2.3.jar;E:\work_money\11_springBoot\maven_repo\net\minidev\accessors-smart\1.2\accessors-smart-1.2.jar;E:\work_money\11_springBoot\maven_repo\org\ow2\asm\asm\5.0.4\asm-5.0.4.jar;E:\work_money\11_springBoot\maven_repo\jakarta\xml\bind\jakarta.xml.bind-api\2.3.3\jakarta.xml.bind-api-2.3.3.jar;E:\work_money\11_springBoot\maven_repo\jakarta\activation\jakarta.activation-api\1.2.2\jakarta.activation-api-1.2.2.jar;E:\work_money\11_springBoot\maven_repo\org\assertj\assertj-core\3.16.1\assertj-core-3.16.1.jar;E:\work_money\11_springBoot\maven_repo\org\hamcrest\hamcrest\2.2\hamcrest-2.2.jar;E:\work_money\11_springBoot\maven_repo\org\junit\jupiter\junit-jupiter\5.6.2\junit-jupiter-5.6.2.jar;E:\work_money\11_springBoot\maven_repo\org\junit\jupiter\junit-jupiter-api\5.6.2\junit-jupiter-api-5.6.2.jar;E:\work_money\11_springBoot\maven_repo\org\opentest4j\opentest4j\1.2.0\opentest4j-1.2.0.jar;E:\work_money\11_springBoot\maven_repo\org\junit\platform\junit-platform-commons\1.6.2\junit-platform-commons-1.6.2.jar;E:\work_money\11_springBoot\maven_repo\org\junit\jupiter\junit-jupiter-params\5.6.2\junit-jupiter-params-5.6.2.jar;E:\work_money\11_springBoot\maven_repo\org\junit\jupiter\junit-jupiter-engine\5.6.2\junit-jupiter-engine-5.6.2.jar;E:\work_money\11_springBoot\maven_repo\org\junit\vintage\junit-vintage-engine\5.6.2\junit-vintage-engine-5.6.2.jar;E:\work_money\11_springBoot\maven_repo\org\apiguardian\apiguardian-api\1.1.0\apiguardian-api-1.1.0.jar;E:\work_money\11_springBoot\maven_repo\org\junit\platform\junit-platform-engine\1.6.2\junit-platform-engine-1.6.2.jar;E:\work_money\11_springBoot\maven_repo\junit\junit\4.13\junit-4.13.jar;E:\work_money\11_springBoot\maven_repo\org\mockito\mockito-core\3.3.3\mockito-core-3.3.3.jar;E:\work_money\11_springBoot\maven_repo\net\bytebuddy\byte-buddy-agent\1.10.13\byte-buddy-agent-1.10.13.jar;E:\work_money\11_springBoot\maven_repo\org\objenesis\objenesis\2.6\objenesis-2.6.jar;E:\work_money\11_springBoot\maven_repo\org\mockito\mockito-junit-jupiter\3.3.3\mockito-junit-jupiter-3.3.3.jar;E:\work_money\11_springBoot\maven_repo\org\skyscreamer\jsonassert\1.5.0\jsonassert-1.5.0.jar;E:\work_money\11_springBoot\maven_repo\com\vaadin\external\google\android-json\0.0.20131108.vaadin1\android-json-0.0.20131108.vaadin1.jar;E:\work_money\11_springBoot\maven_repo\org\springframework\spring-core\5.2.8.RELEASE\spring-core-5.2.8.RELEASE.jar;E:\work_money\11_springBoot\maven_repo\org\springframework\spring-jcl\5.2.8.RELEASE\spring-jcl-5.2.8.RELEASE.jar;E:\work_money\11_springBoot\maven_repo\org\springframework\spring-test\5.2.8.RELEASE\spring-test-5.2.8.RELEASE.jar;E:\work_money\11_springBoot\maven_repo\org\xmlunit\xmlunit-core\2.7.0\xmlunit-core-2.7.0.jar;E:\work_money\11_springBoot\maven_repo\org\springframework\security\spring-security-test\5.3.3.RELEASE\spring-security-test-5.3.3.RELEASE.jar;E:\work_money\11_springBoot\maven_repo\org\springframework\security\spring-security-core\5.3.3.RELEASE\spring-security-core-5.3.3.RELEASE.jar;E:\work_money\11_springBoot\maven_repo\cn\hutool\hutool-all\4.5.7\hutool-all-4.5.7.jar;E:\work_money\11_springBoot\maven_repo\io\jsonwebtoken\jjwt\0.9.0\jjwt-0.9.0.jar;E:\work_money\11_springBoot\maven_repo\com\fasterxml\jackson\core\jackson-databind\2.11.1\jackson-databind-2.11.1.jar;E:\work_money\11_springBoot\maven_repo\com\fasterxml\jackson\core\jackson-annotations\2.11.1\jackson-annotations-2.11.1.jar;E:\work_money\11_springBoot\maven_repo\com\fasterxml\jackson\core\jackson-core\2.11.1\jackson-core-2.11.1.jar;E:\work_money\11_springBoot\maven_repo\io\springfox\springfox-swagger2\2.7.0\springfox-swagger2-2.7.0.jar;E:\work_money\11_springBoot\maven_repo\io\swagger\swagger-annotations\1.5.13\swagger-annotations-1.5.13.jar;E:\work_money\11_springBoot\maven_repo\io\swagger\swagger-models\1.5.13\swagger-models-1.5.13.jar;E:\work_money\11_springBoot\maven_repo\io\springfox\springfox-spi\2.7.0\springfox-spi-2.7.0.jar;E:\work_money\11_springBoot\maven_repo\io\springfox\springfox-core\2.7.0\springfox-core-2.7.0.jar;E:\work_money\11_springBoot\maven_repo\io\springfox\springfox-schema\2.7.0\springfox-schema-2.7.0.jar;E:\work_money\11_springBoot\maven_repo\io\springfox\springfox-swagger-common\2.7.0\springfox-swagger-common-2.7.0.jar;E:\work_money\11_springBoot\maven_repo\io\springfox\springfox-spring-web\2.7.0\springfox-spring-web-2.7.0.jar;E:\work_money\11_springBoot\maven_repo\org\reflections\reflections\0.9.11\reflections-0.9.11.jar;E:\work_money\11_springBoot\maven_repo\com\google\guava\guava\18.0\guava-18.0.jar;E:\work_money\11_springBoot\maven_repo\com\fasterxml\classmate\1.5.1\classmate-1.5.1.jar;E:\work_money\11_springBoot\maven_repo\org\springframework\plugin\spring-plugin-core\1.2.0.RELEASE\spring-plugin-core-1.2.0.RELEASE.jar;E:\work_money\11_springBoot\maven_repo\org\springframework\plugin\spring-plugin-metadata\1.2.0.RELEASE\spring-plugin-metadata-1.2.0.RELEASE.jar;E:\work_money\11_springBoot\maven_repo\org\mapstruct\mapstruct\1.1.0.Final\mapstruct-1.1.0.Final.jar;E:\work_money\11_springBoot\maven_repo\io\springfox\springfox-swagger-ui\2.7.0\springfox-swagger-ui-2.7.0.jar;E:\work_money\11_springBoot\maven_repo\org\mybatis\generator\mybatis-generator-core\1.3.3\mybatis-generator-core-1.3.3.jar;E:\work_money\11_springBoot\maven_repo\org\mybatis\spring\boot\mybatis-spring-boot-starter\2.1.1\mybatis-spring-boot-starter-2.1.1.jar;E:\work_money\11_springBoot\maven_repo\org\mybatis\spring\boot\mybatis-spring-boot-autoconfigure\2.1.1\mybatis-spring-boot-autoconfigure-2.1.1.jar;E:\work_money\11_springBoot\maven_repo\org\mybatis\mybatis\3.5.3\mybatis-3.5.3.jar;E:\work_money\11_springBoot\maven_repo\org\mybatis\mybatis-spring\2.0.3\mybatis-spring-2.0.3.jar;E:\work_money\11_springBoot\maven_repo\org\slf4j\slf4j-api\1.7.21\slf4j-api-1.7.21.jar;E:\work_money\11_springBoot\maven_repo\javax\servlet\javax.servlet-api\3.1.0\javax.servlet-api-3.1.0.jar;"/>
    <property name="java.vm.vendor" value="Oracle Corporation"/>
    <property name="sun.arch.data.model" value="64"/>
    <property name="user.variant" value=""/>
    <property name="java.vendor.url" value="http://java.oracle.com/"/>
    <property name="user.timezone" value="Asia/Shanghai"/>
    <property name="java.vm.specification.version" value="1.8"/>
    <property name="os.name" value="Windows 10"/>
    <property name="user.country" value="CN"/>
    <property name="sun.java.launcher" value="SUN_STANDARD"/>
    <property name="sun.boot.library.path" value="C:\Program Files\Java\jdk\jre\bin"/>
    <property name="sun.java.command" value="C:\Users\ADMINI~1.DES\AppData\Local\Temp\surefire7046356222667492996\surefirebooter5508393227097896422.jar C:\Users\Administrator.DESKTOP_LEISHEN\AppData\Local\Temp\surefire7046356222667492996 2021-03-14T17-19-02_462-jvmRun1 surefire4575382430244559165tmp surefire_03149981686899134554tmp"/>
    <property name="surefire.test.class.path" value="E:\work_money\26_idea\jwt_test\target\test-classes;E:\work_money\26_idea\jwt_test\target\classes;E:\work_money\11_springBoot\maven_repo\org\springframework\boot\spring-boot-starter-data-jpa\2.3.2.RELEASE\spring-boot-starter-data-jpa-2.3.2.RELEASE.jar;E:\work_money\11_springBoot\maven_repo\org\springframework\boot\spring-boot-starter-aop\2.3.2.RELEASE\spring-boot-starter-aop-2.3.2.RELEASE.jar;E:\work_money\11_springBoot\maven_repo\org\aspectj\aspectjweaver\1.9.6\aspectjweaver-1.9.6.jar;E:\work_money\11_springBoot\maven_repo\org\springframework\boot\spring-boot-starter-jdbc\2.3.2.RELEASE\spring-boot-starter-jdbc-2.3.2.RELEASE.jar;E:\work_money\11_springBoot\maven_repo\com\zaxxer\HikariCP\3.4.5\HikariCP-3.4.5.jar;E:\work_money\11_springBoot\maven_repo\org\springframework\spring-jdbc\5.2.8.RELEASE\spring-jdbc-5.2.8.RELEASE.jar;E:\work_money\11_springBoot\maven_repo\jakarta\transaction\jakarta.transaction-api\1.3.3\jakarta.transaction-api-1.3.3.jar;E:\work_money\11_springBoot\maven_repo\jakarta\persistence\jakarta.persistence-api\2.2.3\jakarta.persistence-api-2.2.3.jar;E:\work_money\11_springBoot\maven_repo\org\hibernate\hibernate-core\5.4.18.Final\hibernate-core-5.4.18.Final.jar;E:\work_money\11_springBoot\maven_repo\org\jboss\logging\jboss-logging\3.4.1.Final\jboss-logging-3.4.1.Final.jar;E:\work_money\11_springBoot\maven_repo\org\javassist\javassist\3.24.0-GA\javassist-3.24.0-GA.jar;E:\work_money\11_springBoot\maven_repo\net\bytebuddy\byte-buddy\1.10.13\byte-buddy-1.10.13.jar;E:\work_money\11_springBoot\maven_repo\antlr\antlr\2.7.7\antlr-2.7.7.jar;E:\work_money\11_springBoot\maven_repo\org\jboss\jandex\2.1.3.Final\jandex-2.1.3.Final.jar;E:\work_money\11_springBoot\maven_repo\org\dom4j\dom4j\2.1.3\dom4j-2.1.3.jar;E:\work_money\11_springBoot\maven_repo\org\hibernate\common\hibernate-commons-annotations\5.1.0.Final\hibernate-commons-annotations-5.1.0.Final.jar;E:\work_money\11_springBoot\maven_repo\org\glassfish\jaxb\jaxb-runtime\2.3.3\jaxb-runtime-2.3.3.jar;E:\work_money\11_springBoot\maven_repo\org\glassfish\jaxb\txw2\2.3.3\txw2-2.3.3.jar;E:\work_money\11_springBoot\maven_repo\com\sun\istack\istack-commons-runtime\3.0.11\istack-commons-runtime-3.0.11.jar;E:\work_money\11_springBoot\maven_repo\com\sun\activation\jakarta.activation\1.2.2\jakarta.activation-1.2.2.jar;E:\work_money\11_springBoot\maven_repo\org\springframework\data\spring-data-jpa\2.3.2.RELEASE\spring-data-jpa-2.3.2.RELEASE.jar;E:\work_money\11_springBoot\maven_repo\org\springframework\data\spring-data-commons\2.3.2.RELEASE\spring-data-commons-2.3.2.RELEASE.jar;E:\work_money\11_springBoot\maven_repo\org\springframework\spring-orm\5.2.8.RELEASE\spring-orm-5.2.8.RELEASE.jar;E:\work_money\11_springBoot\maven_repo\org\springframework\spring-context\5.2.8.RELEASE\spring-context-5.2.8.RELEASE.jar;E:\work_money\11_springBoot\maven_repo\org\springframework\spring-tx\5.2.8.RELEASE\spring-tx-5.2.8.RELEASE.jar;E:\work_money\11_springBoot\maven_repo\org\springframework\spring-beans\5.2.8.RELEASE\spring-beans-5.2.8.RELEASE.jar;E:\work_money\11_springBoot\maven_repo\org\springframework\spring-aspects\5.2.8.RELEASE\spring-aspects-5.2.8.RELEASE.jar;E:\work_money\11_springBoot\maven_repo\org\springframework\boot\spring-boot-starter-freemarker\2.3.2.RELEASE\spring-boot-starter-freemarker-2.3.2.RELEASE.jar;E:\work_money\11_springBoot\maven_repo\org\springframework\boot\spring-boot-starter\2.3.2.RELEASE\spring-boot-starter-2.3.2.RELEASE.jar;E:\work_money\11_springBoot\maven_repo\org\springframework\boot\spring-boot-starter-logging\2.3.2.RELEASE\spring-boot-starter-logging-2.3.2.RELEASE.jar;E:\work_money\11_springBoot\maven_repo\ch\qos\logback\logback-classic\1.2.3\logback-classic-1.2.3.jar;E:\work_money\11_springBoot\maven_repo\ch\qos\logback\logback-core\1.2.3\logback-core-1.2.3.jar;E:\work_money\11_springBoot\maven_repo\org\apache\logging\log4j\log4j-to-slf4j\2.13.3\log4j-to-slf4j-2.13.3.jar;E:\work_money\11_springBoot\maven_repo\org\apache\logging\log4j\log4j-api\2.13.3\log4j-api-2.13.3.jar;E:\work_money\11_springBoot\maven_repo\org\slf4j\jul-to-slf4j\1.7.30\jul-to-slf4j-1.7.30.jar;E:\work_money\11_springBoot\maven_repo\jakarta\annotation\jakarta.annotation-api\1.3.5\jakarta.annotation-api-1.3.5.jar;E:\work_money\11_springBoot\maven_repo\org\yaml\snakeyaml\1.26\snakeyaml-1.26.jar;E:\work_money\11_springBoot\maven_repo\org\freemarker\freemarker\2.3.30\freemarker-2.3.30.jar;E:\work_money\11_springBoot\maven_repo\org\springframework\spring-context-support\5.2.8.RELEASE\spring-context-support-5.2.8.RELEASE.jar;E:\work_money\11_springBoot\maven_repo\org\springframework\boot\spring-boot-starter-security\2.3.2.RELEASE\spring-boot-starter-security-2.3.2.RELEASE.jar;E:\work_money\11_springBoot\maven_repo\org\springframework\spring-aop\5.2.8.RELEASE\spring-aop-5.2.8.RELEASE.jar;E:\work_money\11_springBoot\maven_repo\org\springframework\security\spring-security-config\5.3.3.RELEASE\spring-security-config-5.3.3.RELEASE.jar;E:\work_money\11_springBoot\maven_repo\org\springframework\security\spring-security-web\5.3.3.RELEASE\spring-security-web-5.3.3.RELEASE.jar;E:\work_money\11_springBoot\maven_repo\org\springframework\spring-expression\5.2.8.RELEASE\spring-expression-5.2.8.RELEASE.jar;E:\work_money\11_springBoot\maven_repo\org\springframework\boot\spring-boot-starter-thymeleaf\2.3.2.RELEASE\spring-boot-starter-thymeleaf-2.3.2.RELEASE.jar;E:\work_money\11_springBoot\maven_repo\org\thymeleaf\thymeleaf-spring5\3.0.11.RELEASE\thymeleaf-spring5-3.0.11.RELEASE.jar;E:\work_money\11_springBoot\maven_repo\org\thymeleaf\thymeleaf\3.0.11.RELEASE\thymeleaf-3.0.11.RELEASE.jar;E:\work_money\11_springBoot\maven_repo\org\attoparser\attoparser\2.0.5.RELEASE\attoparser-2.0.5.RELEASE.jar;E:\work_money\11_springBoot\maven_repo\org\unbescape\unbescape\1.1.6.RELEASE\unbescape-1.1.6.RELEASE.jar;E:\work_money\11_springBoot\maven_repo\org\thymeleaf\extras\thymeleaf-extras-java8time\3.0.4.RELEASE\thymeleaf-extras-java8time-3.0.4.RELEASE.jar;E:\work_money\11_springBoot\maven_repo\org\springframework\boot\spring-boot-starter-web\2.3.2.RELEASE\spring-boot-starter-web-2.3.2.RELEASE.jar;E:\work_money\11_springBoot\maven_repo\org\springframework\boot\spring-boot-starter-json\2.3.2.RELEASE\spring-boot-starter-json-2.3.2.RELEASE.jar;E:\work_money\11_springBoot\maven_repo\com\fasterxml\jackson\datatype\jackson-datatype-jdk8\2.11.1\jackson-datatype-jdk8-2.11.1.jar;E:\work_money\11_springBoot\maven_repo\com\fasterxml\jackson\datatype\jackson-datatype-jsr310\2.11.1\jackson-datatype-jsr310-2.11.1.jar;E:\work_money\11_springBoot\maven_repo\com\fasterxml\jackson\module\jackson-module-parameter-names\2.11.1\jackson-module-parameter-names-2.11.1.jar;E:\work_money\11_springBoot\maven_repo\org\springframework\boot\spring-boot-starter-tomcat\2.3.2.RELEASE\spring-boot-starter-tomcat-2.3.2.RELEASE.jar;E:\work_money\11_springBoot\maven_repo\org\apache\tomcat\embed\tomcat-embed-core\9.0.37\tomcat-embed-core-9.0.37.jar;E:\work_money\11_springBoot\maven_repo\org\glassfish\jakarta.el\3.0.3\jakarta.el-3.0.3.jar;E:\work_money\11_springBoot\maven_repo\org\apache\tomcat\embed\tomcat-embed-websocket\9.0.37\tomcat-embed-websocket-9.0.37.jar;E:\work_money\11_springBoot\maven_repo\org\springframework\spring-web\5.2.8.RELEASE\spring-web-5.2.8.RELEASE.jar;E:\work_money\11_springBoot\maven_repo\org\springframework\spring-webmvc\5.2.8.RELEASE\spring-webmvc-5.2.8.RELEASE.jar;E:\work_money\11_springBoot\maven_repo\org\thymeleaf\extras\thymeleaf-extras-springsecurity5\3.0.4.RELEASE\thymeleaf-extras-springsecurity5-3.0.4.RELEASE.jar;E:\work_money\11_springBoot\maven_repo\org\springframework\boot\spring-boot-devtools\2.3.2.RELEASE\spring-boot-devtools-2.3.2.RELEASE.jar;E:\work_money\11_springBoot\maven_repo\org\springframework\boot\spring-boot\2.3.2.RELEASE\spring-boot-2.3.2.RELEASE.jar;E:\work_money\11_springBoot\maven_repo\org\springframework\boot\spring-boot-autoconfigure\2.3.2.RELEASE\spring-boot-autoconfigure-2.3.2.RELEASE.jar;E:\work_money\11_springBoot\maven_repo\mysql\mysql-connector-java\8.0.21\mysql-connector-java-8.0.21.jar;E:\work_money\11_springBoot\maven_repo\org\projectlombok\lombok\1.18.12\lombok-1.18.12.jar;E:\work_money\11_springBoot\maven_repo\org\springframework\boot\spring-boot-starter-test\2.3.2.RELEASE\spring-boot-starter-test-2.3.2.RELEASE.jar;E:\work_money\11_springBoot\maven_repo\org\springframework\boot\spring-boot-test\2.3.2.RELEASE\spring-boot-test-2.3.2.RELEASE.jar;E:\work_money\11_springBoot\maven_repo\org\springframework\boot\spring-boot-test-autoconfigure\2.3.2.RELEASE\spring-boot-test-autoconfigure-2.3.2.RELEASE.jar;E:\work_money\11_springBoot\maven_repo\com\jayway\jsonpath\json-path\2.4.0\json-path-2.4.0.jar;E:\work_money\11_springBoot\maven_repo\net\minidev\json-smart\2.3\json-smart-2.3.jar;E:\work_money\11_springBoot\maven_repo\net\minidev\accessors-smart\1.2\accessors-smart-1.2.jar;E:\work_money\11_springBoot\maven_repo\org\ow2\asm\asm\5.0.4\asm-5.0.4.jar;E:\work_money\11_springBoot\maven_repo\jakarta\xml\bind\jakarta.xml.bind-api\2.3.3\jakarta.xml.bind-api-2.3.3.jar;E:\work_money\11_springBoot\maven_repo\jakarta\activation\jakarta.activation-api\1.2.2\jakarta.activation-api-1.2.2.jar;E:\work_money\11_springBoot\maven_repo\org\assertj\assertj-core\3.16.1\assertj-core-3.16.1.jar;E:\work_money\11_springBoot\maven_repo\org\hamcrest\hamcrest\2.2\hamcrest-2.2.jar;E:\work_money\11_springBoot\maven_repo\org\junit\jupiter\junit-jupiter\5.6.2\junit-jupiter-5.6.2.jar;E:\work_money\11_springBoot\maven_repo\org\junit\jupiter\junit-jupiter-api\5.6.2\junit-jupiter-api-5.6.2.jar;E:\work_money\11_springBoot\maven_repo\org\opentest4j\opentest4j\1.2.0\opentest4j-1.2.0.jar;E:\work_money\11_springBoot\maven_repo\org\junit\platform\junit-platform-commons\1.6.2\junit-platform-commons-1.6.2.jar;E:\work_money\11_springBoot\maven_repo\org\junit\jupiter\junit-jupiter-params\5.6.2\junit-jupiter-params-5.6.2.jar;E:\work_money\11_springBoot\maven_repo\org\junit\jupiter\junit-jupiter-engine\5.6.2\junit-jupiter-engine-5.6.2.jar;E:\work_money\11_springBoot\maven_repo\org\junit\vintage\junit-vintage-engine\5.6.2\junit-vintage-engine-5.6.2.jar;E:\work_money\11_springBoot\maven_repo\org\apiguardian\apiguardian-api\1.1.0\apiguardian-api-1.1.0.jar;E:\work_money\11_springBoot\maven_repo\org\junit\platform\junit-platform-engine\1.6.2\junit-platform-engine-1.6.2.jar;E:\work_money\11_springBoot\maven_repo\junit\junit\4.13\junit-4.13.jar;E:\work_money\11_springBoot\maven_repo\org\mockito\mockito-core\3.3.3\mockito-core-3.3.3.jar;E:\work_money\11_springBoot\maven_repo\net\bytebuddy\byte-buddy-agent\1.10.13\byte-buddy-agent-1.10.13.jar;E:\work_money\11_springBoot\maven_repo\org\objenesis\objenesis\2.6\objenesis-2.6.jar;E:\work_money\11_springBoot\maven_repo\org\mockito\mockito-junit-jupiter\3.3.3\mockito-junit-jupiter-3.3.3.jar;E:\work_money\11_springBoot\maven_repo\org\skyscreamer\jsonassert\1.5.0\jsonassert-1.5.0.jar;E:\work_money\11_springBoot\maven_repo\com\vaadin\external\google\android-json\0.0.20131108.vaadin1\android-json-0.0.20131108.vaadin1.jar;E:\work_money\11_springBoot\maven_repo\org\springframework\spring-core\5.2.8.RELEASE\spring-core-5.2.8.RELEASE.jar;E:\work_money\11_springBoot\maven_repo\org\springframework\spring-jcl\5.2.8.RELEASE\spring-jcl-5.2.8.RELEASE.jar;E:\work_money\11_springBoot\maven_repo\org\springframework\spring-test\5.2.8.RELEASE\spring-test-5.2.8.RELEASE.jar;E:\work_money\11_springBoot\maven_repo\org\xmlunit\xmlunit-core\2.7.0\xmlunit-core-2.7.0.jar;E:\work_money\11_springBoot\maven_repo\org\springframework\security\spring-security-test\5.3.3.RELEASE\spring-security-test-5.3.3.RELEASE.jar;E:\work_money\11_springBoot\maven_repo\org\springframework\security\spring-security-core\5.3.3.RELEASE\spring-security-core-5.3.3.RELEASE.jar;E:\work_money\11_springBoot\maven_repo\cn\hutool\hutool-all\4.5.7\hutool-all-4.5.7.jar;E:\work_money\11_springBoot\maven_repo\io\jsonwebtoken\jjwt\0.9.0\jjwt-0.9.0.jar;E:\work_money\11_springBoot\maven_repo\com\fasterxml\jackson\core\jackson-databind\2.11.1\jackson-databind-2.11.1.jar;E:\work_money\11_springBoot\maven_repo\com\fasterxml\jackson\core\jackson-annotations\2.11.1\jackson-annotations-2.11.1.jar;E:\work_money\11_springBoot\maven_repo\com\fasterxml\jackson\core\jackson-core\2.11.1\jackson-core-2.11.1.jar;E:\work_money\11_springBoot\maven_repo\io\springfox\springfox-swagger2\2.7.0\springfox-swagger2-2.7.0.jar;E:\work_money\11_springBoot\maven_repo\io\swagger\swagger-annotations\1.5.13\swagger-annotations-1.5.13.jar;E:\work_money\11_springBoot\maven_repo\io\swagger\swagger-models\1.5.13\swagger-models-1.5.13.jar;E:\work_money\11_springBoot\maven_repo\io\springfox\springfox-spi\2.7.0\springfox-spi-2.7.0.jar;E:\work_money\11_springBoot\maven_repo\io\springfox\springfox-core\2.7.0\springfox-core-2.7.0.jar;E:\work_money\11_springBoot\maven_repo\io\springfox\springfox-schema\2.7.0\springfox-schema-2.7.0.jar;E:\work_money\11_springBoot\maven_repo\io\springfox\springfox-swagger-common\2.7.0\springfox-swagger-common-2.7.0.jar;E:\work_money\11_springBoot\maven_repo\io\springfox\springfox-spring-web\2.7.0\springfox-spring-web-2.7.0.jar;E:\work_money\11_springBoot\maven_repo\org\reflections\reflections\0.9.11\reflections-0.9.11.jar;E:\work_money\11_springBoot\maven_repo\com\google\guava\guava\18.0\guava-18.0.jar;E:\work_money\11_springBoot\maven_repo\com\fasterxml\classmate\1.5.1\classmate-1.5.1.jar;E:\work_money\11_springBoot\maven_repo\org\springframework\plugin\spring-plugin-core\1.2.0.RELEASE\spring-plugin-core-1.2.0.RELEASE.jar;E:\work_money\11_springBoot\maven_repo\org\springframework\plugin\spring-plugin-metadata\1.2.0.RELEASE\spring-plugin-metadata-1.2.0.RELEASE.jar;E:\work_money\11_springBoot\maven_repo\org\mapstruct\mapstruct\1.1.0.Final\mapstruct-1.1.0.Final.jar;E:\work_money\11_springBoot\maven_repo\io\springfox\springfox-swagger-ui\2.7.0\springfox-swagger-ui-2.7.0.jar;E:\work_money\11_springBoot\maven_repo\org\mybatis\generator\mybatis-generator-core\1.3.3\mybatis-generator-core-1.3.3.jar;E:\work_money\11_springBoot\maven_repo\org\mybatis\spring\boot\mybatis-spring-boot-starter\2.1.1\mybatis-spring-boot-starter-2.1.1.jar;E:\work_money\11_springBoot\maven_repo\org\mybatis\spring\boot\mybatis-spring-boot-autoconfigure\2.1.1\mybatis-spring-boot-autoconfigure-2.1.1.jar;E:\work_money\11_springBoot\maven_repo\org\mybatis\mybatis\3.5.3\mybatis-3.5.3.jar;E:\work_money\11_springBoot\maven_repo\org\mybatis\mybatis-spring\2.0.3\mybatis-spring-2.0.3.jar;E:\work_money\11_springBoot\maven_repo\org\slf4j\slf4j-api\1.7.21\slf4j-api-1.7.21.jar;E:\work_money\11_springBoot\maven_repo\javax\servlet\javax.servlet-api\3.1.0\javax.servlet-api-3.1.0.jar;"/>
    <property name="sun.cpu.endian" value="little"/>
    <property name="user.home" value="C:\Users\Administrator.DESKTOP_LEISHEN"/>
    <property name="user.language" value="zh"/>
    <property name="java.specification.vendor" value="Oracle Corporation"/>
    <property name="java.home" value="C:\Program Files\Java\jdk\jre"/>
    <property name="basedir" value="E:\work_money\26_idea\jwt_test"/>
    <property name="file.separator" value="\"/>
    <property name="line.separator" value="&#10;"/>
    <property name="java.vm.specification.vendor" value="Oracle Corporation"/>
    <property name="java.specification.name" value="Java Platform API Specification"/>
    <property name="java.awt.graphicsenv" value="sun.awt.Win32GraphicsEnvironment"/>
    <property name="surefire.real.class.path" value="C:\Users\ADMINI~1.DES\AppData\Local\Temp\surefire7046356222667492996\surefirebooter5508393227097896422.jar"/>
    <property name="sun.boot.class.path" value="C:\Program Files\Java\jdk\jre\lib\resources.jar;C:\Program Files\Java\jdk\jre\lib\rt.jar;C:\Program Files\Java\jdk\jre\lib\sunrsasign.jar;C:\Program Files\Java\jdk\jre\lib\jsse.jar;C:\Program Files\Java\jdk\jre\lib\jce.jar;C:\Program Files\Java\jdk\jre\lib\charsets.jar;C:\Program Files\Java\jdk\jre\lib\jfr.jar;C:\Program Files\Java\jdk\jre\classes"/>
    <property name="user.script" value=""/>
    <property name="sun.management.compiler" value="HotSpot 64-Bit Tiered Compilers"/>
    <property name="java.runtime.version" value="1.8.0_201-b09"/>
    <property name="user.name" value="Administrator"/>
    <property name="path.separator" value=";"/>
    <property name="os.version" value="10.0"/>
    <property name="java.endorsed.dirs" value="C:\Program Files\Java\jdk\jre\lib\endorsed"/>
    <property name="java.runtime.name" value="Java(TM) SE Runtime Environment"/>
    <property name="file.encoding" value="GBK"/>
    <property name="java.vm.name" value="Java HotSpot(TM) 64-Bit Server VM"/>
    <property name="localRepository" value="E:\work_money\11_springBoot\maven_repo"/>
    <property name="java.vendor.url.bug" value="http://bugreport.sun.com/bugreport/"/>
    <property name="java.io.tmpdir" value="C:\Users\ADMINI~1.DES\AppData\Local\Temp\"/>
    <property name="idea.version" value="2020.2.1"/>
    <property name="java.version" value="1.8.0_201"/>
    <property name="user.dir" value="E:\work_money\26_idea\jwt_test"/>
    <property name="os.arch" value="amd64"/>
    <property name="java.vm.specification.name" value="Java Virtual Machine Specification"/>
    <property name="java.awt.printerjob" value="sun.awt.windows.WPrinterJob"/>
    <property name="sun.os.patch.level" value=""/>
    <property name="java.library.path" value="C:\Program Files\Java\jdk\jre\bin;C:\WINDOWS\Sun\Java\bin;C:\WINDOWS\system32;C:\WINDOWS;E:\work_money\15_redis\redis;C:\oraclexe\app\oracle\product\10.2.0\server\bin;C:\Program Files\Java\jdk\bin;C:\Program Files\Java\jdk\jre\bin;C:\Program Files (x86)\Intel\iCLS Client\;C:\Program Files\Intel\iCLS Client\;C:\Windows\system32;C:\Windows;C:\Windows\System32\Wbem;C:\Windows\System32\WindowsPowerShell\v1.0\;C:\Program Files (x86)\NVIDIA Corporation\PhysX\Common;C:\Program Files (x86)\Intel\Intel(R) Management Engine Components\DAL;C:\Program Files\Intel\Intel(R) Management Engine Components\DAL;C:\Program Files (x86)\Intel\Intel(R) Management Engine Components\IPT;C:\Program Files\Intel\Intel(R) Management Engine Components\IPT;C:\WINDOWS\system32;C:\WINDOWS;C:\WINDOWS\System32\Wbem;C:\WINDOWS\System32\WindowsPowerShell\v1.0\;C:\WINDOWS\System32\OpenSSH\;%M2_HOME%\bin;D:\MySql5.5\bin;E:\work_money\11_springBoot\software\apache-maven-3.3.9\bin;D:\Git\Git\cmd;C:\Users\Administrator.DESKTOP_LEISHEN\.gradle\wrapper\dists\gradle-6.1.1-all\cfmwm155h49vnt3hynmlrsdst\gradle-6.1.1\bin;D:\SDK\tools;D:\SDK\platform-tools;D:\node.js;D:\Program Files\nodejs\node_global;D:\nodejs\;C:\Users\Administrator.DESKTOP_LEISHEN\AppData\Local\Microsoft\WindowsApps;C:\Users\Administrator.DESKTOP_LEISHEN\AppData\Local\Programs\Microsoft VS Code\bin;C:\Users\Administrator.DESKTOP_LEISHEN\AppData\Roaming\npm;."/>
    <property name="java.vm.info" value="mixed mode"/>
    <property name="java.vendor" value="Oracle Corporation"/>
    <property name="java.vm.version" value="25.201-b09"/>
    <property name="java.ext.dirs" value="C:\Program Files\Java\jdk\jre\lib\ext;C:\WINDOWS\Sun\Java\lib\ext"/>
    <property name="sun.io.unicode.encoding" value="UnicodeLittle"/>
    <property name="java.class.version" value="52.0"/>
  </properties>
  <testcase name="contextLoads" classname="com.yl.demo.DemoApplicationTests" time="0.097"/>
</testsuite>